<?xml version="1.0" encoding="UTF-8"?>
<!-- Generated by org.testng.reporters.JUnitReportReporter -->
<testsuite hostname="Umesh--QTC" failures="0" tests="1" name="com.Boyd.ManageTrancations.EmailUpdation" time="4188.032" errors="0" timestamp="2024-06-03T07:48:54 IST" skipped="0">
  <testcase classname="com.Boyd.ManageTrancations.EmailUpdation" name="manageCustomers" time="4188.032"/>
</testsuite> <!-- com.Boyd.ManageTrancations.EmailUpdation -->
