<?xml version="1.0" encoding="UTF-8"?>
<!-- Generated by org.testng.reporters.JUnitReportReporter -->
<testsuite hostname="Umesh--QTC" failures="0" tests="1" name="com.Boyd.O2C.BOYD_P2P_PO_Completion" time="329.878" errors="0" timestamp="2024-09-27T17:04:17 IST" skipped="0">
  <testcase classname="com.Boyd.O2C.BOYD_P2P_PO_Completion" name="purchaseOrder" time="329.878"/>
</testsuite> <!-- com.Boyd.O2C.BOYD_P2P_PO_Completion -->
