<?xml version="1.0" encoding="UTF-8"?>
<!-- Generated by org.testng.reporters.JUnitReportReporter -->
<testsuite skipped="0" hostname="Srikanth-QTC" name="AR_Finance.AR_Finance.Schedulesalesorder" tests="1" failures="0" timestamp="17 Mar 2021 15:37:12 GMT" time="238.211" errors="0">
  <testcase name="Home_Page" time="238.211" classname="AR_Finance.AR_Finance.Schedulesalesorder"/>
</testsuite> <!-- AR_Finance.AR_Finance.Schedulesalesorder -->
