<?xml version="1.0" encoding="UTF-8"?>
<!-- Generated by org.testng.reporters.JUnitReportReporter -->
<testsuite hostname="Umesh--QTC" failures="0" tests="1" name="com.Boyd.O2C.BOYD_O2C_Invoice_Generation" time="330.379" errors="0" timestamp="2024-09-27T16:47:15 IST" skipped="0">
  <testcase classname="com.Boyd.O2C.BOYD_O2C_Invoice_Generation" name="orderStatusMgmt" time="330.379"/>
</testsuite> <!-- com.Boyd.O2C.BOYD_O2C_Invoice_Generation -->
