<?xml version="1.0" encoding="UTF-8"?>
<!-- Generated by org.testng.reporters.JUnitReportReporter -->
<testsuite skipped="0" hostname="Srikanth-QTC" name="AR_Finance.AR_Finance.BOYD_O2C_Account_Creation" tests="1" failures="0" timestamp="19 Oct 2021 06:56:48 GMT" time="175.418" errors="0">
  <testcase name="Home_Page" time="175.418" classname="AR_Finance.AR_Finance.BOYD_O2C_Account_Creation"/>
</testsuite> <!-- AR_Finance.AR_Finance.BOYD_O2C_Account_Creation -->
