<?xml version="1.0" encoding="UTF-8"?>
<!-- Generated by org.testng.reporters.JUnitReportReporter -->
<testsuite hostname="Umesh--QTC" failures="0" tests="1" name="com.Boyd.O2C.BOYD_P2P_Receipt_Creation" time="374.368" errors="0" timestamp="2024-09-27T17:31:20 IST" skipped="0">
  <testcase classname="com.Boyd.O2C.BOYD_P2P_Receipt_Creation" name="purchaseOrder" time="374.368"/>
</testsuite> <!-- com.Boyd.O2C.BOYD_P2P_Receipt_Creation -->
