<?xml version="1.0" encoding="UTF-8"?>
<!-- Generated by org.testng.reporters.JUnitReportReporter -->
<testsuite skipped="0" hostname="Srikanth-QTC" name="AR_Finance.AR_Finance.BOYD_O2C_Confirm_Picking" tests="1" failures="0" timestamp="13 Dec 2021 06:59:07 GMT" time="139.850" errors="0">
  <testcase name="materialPick" time="139.850" classname="AR_Finance.AR_Finance.BOYD_O2C_Confirm_Picking"/>
</testsuite> <!-- AR_Finance.AR_Finance.BOYD_O2C_Confirm_Picking -->
