<?xml version="1.0" encoding="UTF-8"?>
<!-- Generated by org.testng.reporters.JUnitReportReporter -->
<testsuite skipped="0" hostname="Srikanth-QTC" name="AR_Finance.AR_Finance.Createaccounting" tests="1" failures="0" timestamp="26 Mar 2021 05:59:05 GMT" time="31.012" errors="0">
  <testcase name="Homepage" time="31.012" classname="AR_Finance.AR_Finance.Createaccounting"/>
</testsuite> <!-- AR_Finance.AR_Finance.Createaccounting -->
