<?xml version="1.0" encoding="UTF-8"?>
<!-- Generated by org.testng.reporters.JUnitReportReporter -->
<testsuite skipped="0" hostname="Srikanth-QTC" name="AR_Finance.AR_Finance.Finance" tests="1" failures="0" timestamp="11 Apr 2022 07:33:34 GMT" time="15.212" errors="0">
  <testcase name="Home_Page" time="15.212" classname="AR_Finance.AR_Finance.Finance"/>
</testsuite> <!-- AR_Finance.AR_Finance.Finance -->
