<?xml version="1.0" encoding="UTF-8"?>
<!-- Generated by org.testng.reporters.JUnitReportReporter -->
<testsuite skipped="0" hostname="Srikanth-QTC" name="AR_Finance.AR_Finance.Boyd_O2C_Standard_Ordercreation" tests="1" failures="0" timestamp="13 Dec 2021 06:15:24 GMT" time="352.740" errors="0">
  <testcase name="Home_Page" time="352.740" classname="AR_Finance.AR_Finance.Boyd_O2C_Standard_Ordercreation"/>
</testsuite> <!-- AR_Finance.AR_Finance.Boyd_O2C_Standard_Ordercreation -->
