<?xml version="1.0" encoding="UTF-8"?>
<!-- Generated by org.testng.reporters.JUnitReportReporter -->
<testsuite skipped="0" hostname="Srikanth-QTC" name="AR_Finance.AR_Finance.Boyd_Scheduling_Sales_Order" tests="1" failures="0" timestamp="01 Jul 2021 14:11:39 GMT" time="455.309" errors="0">
  <testcase name="Home_Page" time="455.309" classname="AR_Finance.AR_Finance.Boyd_Scheduling_Sales_Order"/>
</testsuite> <!-- AR_Finance.AR_Finance.Boyd_Scheduling_Sales_Order -->
