<?xml version="1.0" encoding="UTF-8"?>
<!-- Generated by org.testng.reporters.JUnitReportReporter -->
<testsuite skipped="0" hostname="Srikanth-QTC" name="AR_Finance.AR_Finance.BoydStandard_Ordercreation" tests="1" failures="0" timestamp="28 Jun 2021 14:20:42 GMT" time="767.067" errors="0">
  <testcase name="Home_Page" time="767.067" classname="AR_Finance.AR_Finance.BoydStandard_Ordercreation"/>
</testsuite> <!-- AR_Finance.AR_Finance.BoydStandard_Ordercreation -->
