<?xml version="1.0" encoding="UTF-8"?>
<!-- Generated by org.testng.reporters.JUnitReportReporter -->
<testsuite hostname="Umesh--QTC" failures="0" tests="1" name="com.Boyd.O2C.BOYD_O2C_CreditApproval" time="144.968" errors="0" timestamp="2024-09-27T16:15:02 IST" skipped="0">
  <testcase classname="com.Boyd.O2C.BOYD_O2C_CreditApproval" name="creditApprove" time="144.968"/>
</testsuite> <!-- com.Boyd.O2C.BOYD_O2C_CreditApproval -->
