<?xml version="1.0" encoding="UTF-8"?>
<!-- Generated by org.testng.reporters.JUnitReportReporter -->
<testsuite hostname="Umesh--QTC" failures="0" tests="1" name="com.Boyd.O2C.prac.Boyd_O2C_Standard_Ordercreation" time="480.041" errors="0" timestamp="2024-09-27T16:09:35 IST" skipped="0">
  <testcase classname="com.Boyd.O2C.prac.Boyd_O2C_Standard_Ordercreation" name="Home_Page" time="480.041"/>
</testsuite> <!-- com.Boyd.O2C.prac.Boyd_O2C_Standard_Ordercreation -->
