<?xml version="1.0" encoding="UTF-8"?>
<!-- Generated by org.testng.reporters.JUnitReportReporter -->
<testsuite skipped="0" hostname="Srikanth-QTC" name="AR_Finance.AR_Finance.Manualreceiptcreation" tests="1" failures="0" timestamp="25 Mar 2021 06:35:35 GMT" time="98.319" errors="0">
  <testcase name="Homepage" time="98.319" classname="AR_Finance.AR_Finance.Manualreceiptcreation"/>
</testsuite> <!-- AR_Finance.AR_Finance.Manualreceiptcreation -->
