<?xml version="1.0" encoding="UTF-8"?>
<!-- Generated by org.testng.reporters.JUnitReportReporter -->
<testsuite hostname="UmeshReddy--QA" failures="0" tests="1" name="com.Boyd.O2C.BOYD_O2C_Material_Picking" time="149.770" errors="0" timestamp="03 Jul 2023 06:03:09 GMT" skipped="0">
  <testcase classname="com.Boyd.O2C.BOYD_O2C_Material_Picking" name="materialPick" time="149.770"/>
</testsuite> <!-- com.Boyd.O2C.BOYD_O2C_Material_Picking -->
