<?xml version="1.0" encoding="UTF-8"?>
<!-- Generated by org.testng.reporters.JUnitReportReporter -->
<testsuite hostname="Umesh--QTC" failures="0" tests="1" name="com.Boyd.O2C.BOYD_O2C_Account_Creation" time="111.649" errors="0" timestamp="2024-09-27T15:57:21 IST" skipped="0">
  <testcase classname="com.Boyd.O2C.BOYD_O2C_Account_Creation" name="Home_Page" time="111.649"/>
</testsuite> <!-- com.Boyd.O2C.BOYD_O2C_Account_Creation -->
