<?xml version="1.0" encoding="UTF-8"?>
<!-- Generated by org.testng.reporters.JUnitReportReporter -->
<testsuite skipped="0" hostname="Srikanth-QTC" name="AR_Finance.AR_Finance.Standardorder" tests="1" failures="0" timestamp="18 Mar 2021 07:39:54 GMT" time="0.470" errors="0">
  <testcase name="Excel_data" time="0.470" classname="AR_Finance.AR_Finance.Standardorder"/>
</testsuite> <!-- AR_Finance.AR_Finance.Standardorder -->
