<?xml version="1.0" encoding="UTF-8"?>
<!-- Generated by org.testng.reporters.JUnitReportReporter -->
<testsuite hostname="Umesh--QTC" failures="0" tests="1" name="com.Boyd.O2C.BOYD_O2C_Material_Shipping" time="197.754" errors="0" timestamp="2024-09-13T13:00:09 IST" skipped="0">
  <testcase classname="com.Boyd.O2C.BOYD_O2C_Material_Shipping" name="partialShipment" time="197.754"/>
</testsuite> <!-- com.Boyd.O2C.BOYD_O2C_Material_Shipping -->
