<?xml version="1.0" encoding="UTF-8"?>
<!-- Generated by org.testng.reporters.JUnitReportReporter -->
<testsuite hostname="Umesh--QTC" failures="0" tests="1" name="com.Boyd.O2C.Boyd_O2C_Scheduling_Sales_Order" time="89.850" errors="0" timestamp="2024-09-13T12:42:35 IST" skipped="0">
  <testcase classname="com.Boyd.O2C.Boyd_O2C_Scheduling_Sales_Order" name="Home_Page" time="89.850"/>
</testsuite> <!-- com.Boyd.O2C.Boyd_O2C_Scheduling_Sales_Order -->
