<?xml version="1.0" encoding="UTF-8"?>
<!-- Generated by org.testng.reporters.JUnitReportReporter -->
<testsuite skipped="0" hostname="Srikanth-QTC" name="AR_Finance.AR_Finance.BOYD_O2C_Create_Accounting" tests="1" failures="0" timestamp="15 Jul 2021 05:40:25 GMT" time="143.793" errors="0">
  <testcase name="Home_Page" time="143.793" classname="AR_Finance.AR_Finance.BOYD_O2C_Create_Accounting"/>
</testsuite> <!-- AR_Finance.AR_Finance.BOYD_O2C_Create_Accounting -->
