<?xml version="1.0" encoding="UTF-8"?>
<!-- Generated by org.testng.reporters.JUnitReportReporter -->
<testsuite skipped="0" hostname="Srikanth-QTC" name="AR_Finance.AR_Finance.Boyd_Order" tests="1" failures="0" timestamp="28 Mar 2021 16:50:58 GMT" time="1527.483" errors="0">
  <testcase name="Homepage" time="1527.483" classname="AR_Finance.AR_Finance.Boyd_Order"/>
</testsuite> <!-- AR_Finance.AR_Finance.Boyd_Order -->
