<?xml version="1.0" encoding="UTF-8"?>
<!-- Generated by org.testng.reporters.JUnitReportReporter -->
<testsuite hostname="Umesh--QTC" failures="0" tests="1" name="com.Boyd.ManageTrancations.ShipToOrganisation" time="4246.361" errors="0" timestamp="2023-10-20T14:17:14 IST" skipped="0">
  <testcase classname="com.Boyd.ManageTrancations.ShipToOrganisation" name="homepage" time="4246.361"/>
</testsuite> <!-- com.Boyd.ManageTrancations.ShipToOrganisation -->
