<?xml version="1.0" encoding="UTF-8"?>
<!-- Generated by org.testng.reporters.JUnitReportReporter -->
<testsuite skipped="0" hostname="Srikanth-QTC" name="AR_Finance.AR_Finance.Boyd_Updatebundle_Part" tests="1" failures="0" timestamp="20 Apr 2021 06:55:59 GMT" time="3071.216" errors="0">
  <testcase name="Home_Page" time="3071.216" classname="AR_Finance.AR_Finance.Boyd_Updatebundle_Part"/>
</testsuite> <!-- AR_Finance.AR_Finance.Boyd_Updatebundle_Part -->
