<?xml version="1.0" encoding="UTF-8"?>
<!-- Generated by org.testng.reporters.JUnitReportReporter -->
<testsuite skipped="0" hostname="Srikanth-QTC" name="AR_Finance.AR_Finance.Body_Order" tests="1" failures="0" timestamp="12 Mar 2021 12:46:19 GMT" time="0.003" errors="0">
  <testcase name="Homepage" time="0.003" classname="AR_Finance.AR_Finance.Body_Order"/>
</testsuite> <!-- AR_Finance.AR_Finance.Body_Order -->
