<?xml version="1.0" encoding="UTF-8"?>
<!-- Generated by org.testng.reporters.JUnitReportReporter -->
<testsuite hostname="UmeshReddy--QA" failures="0" tests="1" name="com.Boyd.ManageTrancations.Create_Customer_Site" time="301.620" errors="0" timestamp="22 Aug 2023 14:44:51 GMT" skipped="0">
  <testcase classname="com.Boyd.ManageTrancations.Create_Customer_Site" name="Home_Page" time="301.620"/>
</testsuite> <!-- com.Boyd.ManageTrancations.Create_Customer_Site -->
