<?xml version="1.0" encoding="UTF-8"?>
<!-- Generated by org.testng.reporters.JUnitReportReporter -->
<testsuite skipped="0" hostname="Srikanth-QTC" name="AR_Finance.AR_Finance.BOYD_P2P_Payments_to_Supplier" tests="1" failures="0" timestamp="18 Jan 2022 06:15:46 GMT" time="1625.466" errors="0">
  <testcase name="Home_Page" time="1625.466" classname="AR_Finance.AR_Finance.BOYD_P2P_Payments_to_Supplier"/>
</testsuite> <!-- AR_Finance.AR_Finance.BOYD_P2P_Payments_to_Supplier -->
