<?xml version="1.0" encoding="UTF-8"?>
<!-- Generated by org.testng.reporters.JUnitReportReporter -->
<testsuite skipped="0" hostname="Srikanth-QTC" name="AR_Finance.AR_Finance.BOYD_P2P_Customer_Creation" tests="1" failures="0" timestamp="29 Oct 2021 09:04:34 GMT" time="101.779" errors="0">
  <testcase name="Home_Page" time="101.779" classname="AR_Finance.AR_Finance.BOYD_P2P_Customer_Creation"/>
</testsuite> <!-- AR_Finance.AR_Finance.BOYD_P2P_Customer_Creation -->
