<?xml version="1.0" encoding="UTF-8"?>
<!-- Generated by org.testng.reporters.JUnitReportReporter -->
<testsuite skipped="0" hostname="Srikanth-QTC" name="AR_Finance.AR_Finance.Boyd_Order_Creation" tests="1" failures="0" timestamp="01 Apr 2021 13:12:59 GMT" time="400.550" errors="0">
  <testcase name="updateOrder" time="400.550" classname="AR_Finance.AR_Finance.Boyd_Order_Creation"/>
</testsuite> <!-- AR_Finance.AR_Finance.Boyd_Order_Creation -->
