<?xml version="1.0" encoding="UTF-8"?>
<!-- Generated by org.testng.reporters.JUnitReportReporter -->
<testsuite skipped="0" hostname="Srikanth-QTC" name="AR_Finance.AR_Finance.Boyd_O2C_Scheduling_Sales_Order" tests="1" failures="0" timestamp="13 Dec 2021 06:21:33 GMT" time="90.094" errors="0">
  <testcase name="Home_Page" time="90.094" classname="AR_Finance.AR_Finance.Boyd_O2C_Scheduling_Sales_Order"/>
</testsuite> <!-- AR_Finance.AR_Finance.Boyd_O2C_Scheduling_Sales_Order -->
