<?xml version="1.0" encoding="UTF-8"?>
<!-- Generated by org.testng.reporters.JUnitReportReporter -->
<testsuite skipped="0" hostname="Srikanth-QTC" name="AR_Finance.AR_Finance.BOYD_O2C_Material_Shipping" tests="1" failures="0" timestamp="13 Dec 2021 07:06:16 GMT" time="187.541" errors="0">
  <testcase name="partialShipment" time="187.541" classname="AR_Finance.AR_Finance.BOYD_O2C_Material_Shipping"/>
</testsuite> <!-- AR_Finance.AR_Finance.BOYD_O2C_Material_Shipping -->
