<?xml version="1.0" encoding="UTF-8"?>
<!-- Generated by org.testng.reporters.JUnitReportReporter -->
<testsuite hostname="Umesh--QTC" failures="0" tests="1" name="com.Boyd.O2C.BOYD_P2P_Invoice_Generation" time="286.143" errors="0" timestamp="2024-09-27T17:41:07 IST" skipped="0">
  <testcase classname="com.Boyd.O2C.BOYD_P2P_Invoice_Generation" name="invoiceMatching" time="286.143"/>
</testsuite> <!-- com.Boyd.O2C.BOYD_P2P_Invoice_Generation -->
