<?xml version="1.0" encoding="UTF-8"?>
<!-- Generated by org.testng.reporters.JUnitReportReporter -->
<testsuite hostname="Umesh--QTC" failures="0" tests="1" name="com.Boyd.O2C.P2P_Payments_to_Supplier" time="118.760" errors="0" timestamp="2024-09-27T17:59:18 IST" skipped="0">
  <testcase classname="com.Boyd.O2C.P2P_Payments_to_Supplier" name="Home_Page" time="118.760"/>
</testsuite> <!-- com.Boyd.O2C.P2P_Payments_to_Supplier -->
